2017-07-15 11:50:02,998 [      0]   INFO - etbrains.jps.cmdline.BuildMain - Build process started. Classpath: C:/Program Files/JetBrains/IntelliJ IDEA 2017.1.5/lib/jps-launcher.jar;C:/Program Files/Java/jdk1.8.0_131/lib/tools.jar;C:/Program Files/JetBrains/IntelliJ IDEA 2017.1.5/lib/optimizedFileManager.jar
2017-07-15 11:50:03,305 [    307]   INFO - etbrains.jps.cmdline.BuildMain - Connection to IDE established in 274 ms
2017-07-15 11:50:03,403 [    405]   INFO - jps.cmdline.JpsModelLoaderImpl - Loading model: project path = C:/Users/Vincent/IdeaProjects/Playground, global options path = C:/Users/Vincent/.IntelliJIdea2017.1/config/options
2017-07-15 11:50:03,688 [    690]   INFO - jps.cmdline.JpsModelLoaderImpl - Model loaded in 285 ms
2017-07-15 11:50:03,704 [    706]   INFO - jps.cmdline.JpsModelLoaderImpl - Project has 1 modules, 0 libraries
2017-07-15 11:50:03,778 [    780]   INFO - ellij.util.io.PagedFileStorage - lower=100; upper=500; buffer=10; max=602
2017-07-15 11:50:03,965 [    967]   INFO - .incremental.IncProjectBuilder - Building project; isRebuild:true; isMake:false parallel compilation:false
2017-07-15 11:50:03,968 [    970]   INFO - kotlin.jps.build.KotlinBuilder - is Kotlin incremental compilation enabled: true
2017-07-15 11:50:03,968 [    970]   INFO - kotlin.jps.build.KotlinBuilder - is Kotlin experimental incremental compilation enabled: true
2017-07-15 11:50:03,989 [    991]   INFO - kotlin.jps.build.KotlinBuilder - is Kotlin compiler daemon enabled: true
2017-07-15 11:50:03,989 [    991]   INFO - kotlin.jps.build.KotlinBuilder - Label in local history: build started 87b46420
2017-07-15 11:50:04,014 [   1016]   INFO - r.api.ClassFilesIndicesBuilder - class files data index disabled
2017-07-15 11:50:04,072 [   1074]   INFO - .incremental.IncProjectBuilder - Cleaned output directories in 4 ms
2017-07-15 11:50:04,210 [   1212]   INFO - s.incremental.java.JavaBuilder - Compiling 1 java files; module: Playground
2017-07-15 11:50:04,895 [   1897]   INFO - penapi.util.io.win32.IdeaWin32 - Native filesystem for Windows is operational
2017-07-15 11:50:04,906 [   1908]   INFO - rains.jps.cmdline.BuildSession - Build duration: 'java' builder took 635 ms, 1 sources processed
2017-07-15 11:50:04,915 [   1917]   INFO - s.incremental.java.JavaBuilder - javac 1.8.0_131 was used to compile [Playground]
2017-07-15 11:50:05,819 [      0]   INFO - etbrains.jps.cmdline.BuildMain - Build process started. Classpath: C:/Program Files/JetBrains/IntelliJ IDEA 2017.1.5/lib/jps-launcher.jar;C:/Program Files/Java/jdk1.8.0_131/lib/tools.jar;C:/Program Files/JetBrains/IntelliJ IDEA 2017.1.5/lib/optimizedFileManager.jar
2017-07-15 11:50:06,089 [    270]   INFO - etbrains.jps.cmdline.BuildMain - Connection to IDE established in 217 ms
2017-07-15 11:50:06,094 [    275]   INFO - penapi.util.io.win32.IdeaWin32 - Native filesystem for Windows is operational
2017-07-15 11:50:06,105 [    286]   INFO - jps.cmdline.JpsModelLoaderImpl - Loading model: project path = C:/Users/Vincent/IdeaProjects/Playground, global options path = C:/Users/Vincent/.IntelliJIdea2017.1/config/options
2017-07-15 11:50:06,303 [    484]   INFO - jps.cmdline.JpsModelLoaderImpl - Model loaded in 198 ms
2017-07-15 11:50:06,303 [    484]   INFO - jps.cmdline.JpsModelLoaderImpl - Project has 1 modules, 0 libraries
2017-07-15 11:50:06,367 [    548]   INFO - ellij.util.io.PagedFileStorage - lower=100; upper=500; buffer=10; max=602
2017-07-15 11:50:06,482 [    663]   INFO - etbrains.jps.cmdline.BuildMain - Pre-loaded process ready in 664 ms
2017-07-15 11:50:06,522 [    703]   INFO - etbrains.jps.cmdline.BuildMain - Build canceled, but no build session is running. Exiting.
2017-07-15 11:58:45,551 [      0]   INFO - etbrains.jps.cmdline.BuildMain - Build process started. Classpath: C:/Program Files/JetBrains/IntelliJ IDEA 2017.1.5/lib/jps-launcher.jar;C:/Program Files/Java/jdk1.8.0_131/lib/tools.jar;C:/Program Files/JetBrains/IntelliJ IDEA 2017.1.5/lib/optimizedFileManager.jar
2017-07-15 11:58:45,970 [    419]   INFO - etbrains.jps.cmdline.BuildMain - Connection to IDE established in 359 ms
2017-07-15 11:58:46,133 [    582]   INFO - jps.cmdline.JpsModelLoaderImpl - Loading model: project path = C:/Users/Vincent/IdeaProjects/Playground, global options path = C:/Users/Vincent/.IntelliJIdea2017.1/config/options
2017-07-15 11:58:46,527 [    976]   INFO - jps.cmdline.JpsModelLoaderImpl - Model loaded in 394 ms
2017-07-15 11:58:46,527 [    976]   INFO - jps.cmdline.JpsModelLoaderImpl - Project has 1 modules, 0 libraries
2017-07-15 11:58:46,639 [   1088]   INFO - ellij.util.io.PagedFileStorage - lower=100; upper=500; buffer=10; max=602
2017-07-15 11:58:46,860 [   1309]   INFO - penapi.util.io.win32.IdeaWin32 - Native filesystem for Windows is operational
2017-07-15 11:58:48,444 [      1]   INFO - etbrains.jps.cmdline.BuildMain - Build process started. Classpath: C:/Program Files/JetBrains/IntelliJ IDEA 2017.1.5/lib/jps-launcher.jar;C:/Program Files/Java/jdk1.8.0_131/lib/tools.jar;C:/Program Files/JetBrains/IntelliJ IDEA 2017.1.5/lib/optimizedFileManager.jar
2017-07-15 11:58:49,040 [    597]   INFO - etbrains.jps.cmdline.BuildMain - Connection to IDE established in 522 ms
2017-07-15 11:58:49,049 [    606]   INFO - penapi.util.io.win32.IdeaWin32 - Native filesystem for Windows is operational
2017-07-15 11:58:49,071 [    628]   INFO - jps.cmdline.JpsModelLoaderImpl - Loading model: project path = C:/Users/Vincent/IdeaProjects/Playground, global options path = C:/Users/Vincent/.IntelliJIdea2017.1/config/options
2017-07-15 11:58:49,447 [   1004]   INFO - jps.cmdline.JpsModelLoaderImpl - Model loaded in 376 ms
2017-07-15 11:58:49,447 [   1004]   INFO - jps.cmdline.JpsModelLoaderImpl - Project has 1 modules, 0 libraries
2017-07-15 11:58:49,567 [   1124]   INFO - ellij.util.io.PagedFileStorage - lower=100; upper=500; buffer=10; max=602
2017-07-15 11:58:49,731 [   1288]   INFO - etbrains.jps.cmdline.BuildMain - Pre-loaded process ready in 1288 ms
2017-07-15 11:58:50,534 [   2091]   INFO - etbrains.jps.cmdline.BuildMain - Build canceled, but no build session is running. Exiting.
2017-07-15 12:19:25,820 [      0]   INFO - etbrains.jps.cmdline.BuildMain - Build process started. Classpath: C:/Program Files/JetBrains/IntelliJ IDEA 2017.1.5/lib/jps-launcher.jar;C:/Program Files/Java/jdk1.8.0_131/lib/tools.jar;C:/Program Files/JetBrains/IntelliJ IDEA 2017.1.5/lib/optimizedFileManager.jar
2017-07-15 12:19:26,601 [    781]   INFO - etbrains.jps.cmdline.BuildMain - Connection to IDE established in 664 ms
2017-07-15 12:19:26,807 [    987]   INFO - jps.cmdline.JpsModelLoaderImpl - Loading model: project path = C:/Users/Vincent/IdeaProjects/Playground, global options path = C:/Users/Vincent/.IntelliJIdea2017.1/config/options
2017-07-15 12:19:27,408 [   1588]   INFO - jps.cmdline.JpsModelLoaderImpl - Model loaded in 601 ms
2017-07-15 12:19:27,408 [   1588]   INFO - jps.cmdline.JpsModelLoaderImpl - Project has 1 modules, 0 libraries
2017-07-15 12:19:27,525 [   1705]   INFO - ellij.util.io.PagedFileStorage - lower=100; upper=500; buffer=10; max=602
2017-07-15 12:19:27,872 [   2052]   INFO - penapi.util.io.win32.IdeaWin32 - Native filesystem for Windows is operational
2017-07-15 12:19:28,456 [      0]   INFO - etbrains.jps.cmdline.BuildMain - Build process started. Classpath: C:/Program Files/JetBrains/IntelliJ IDEA 2017.1.5/lib/jps-launcher.jar;C:/Program Files/Java/jdk1.8.0_131/lib/tools.jar;C:/Program Files/JetBrains/IntelliJ IDEA 2017.1.5/lib/optimizedFileManager.jar
2017-07-15 12:19:28,983 [    527]   INFO - etbrains.jps.cmdline.BuildMain - Connection to IDE established in 462 ms
2017-07-15 12:19:28,995 [    539]   INFO - penapi.util.io.win32.IdeaWin32 - Native filesystem for Windows is operational
2017-07-15 12:19:29,016 [    560]   INFO - jps.cmdline.JpsModelLoaderImpl - Loading model: project path = C:/Users/Vincent/IdeaProjects/Playground, global options path = C:/Users/Vincent/.IntelliJIdea2017.1/config/options
2017-07-15 12:19:29,401 [    945]   INFO - jps.cmdline.JpsModelLoaderImpl - Model loaded in 385 ms
2017-07-15 12:19:29,401 [    945]   INFO - jps.cmdline.JpsModelLoaderImpl - Project has 1 modules, 0 libraries
2017-07-15 12:19:29,488 [   1032]   INFO - ellij.util.io.PagedFileStorage - lower=100; upper=500; buffer=10; max=602
2017-07-15 12:19:29,660 [   1204]   INFO - etbrains.jps.cmdline.BuildMain - Pre-loaded process ready in 1205 ms
2017-07-15 12:19:29,713 [   1257]   INFO - etbrains.jps.cmdline.BuildMain - Build canceled, but no build session is running. Exiting.
2017-07-15 12:25:37,667 [      0]   INFO - etbrains.jps.cmdline.BuildMain - Build process started. Classpath: C:/Program Files/JetBrains/IntelliJ IDEA 2017.1.5/lib/jps-launcher.jar;C:/Program Files/Java/jdk1.8.0_131/lib/tools.jar;C:/Program Files/JetBrains/IntelliJ IDEA 2017.1.5/lib/optimizedFileManager.jar
2017-07-15 12:25:39,322 [   1655]   INFO - etbrains.jps.cmdline.BuildMain - Connection to IDE established in 1522 ms
2017-07-15 12:25:39,479 [   1812]   INFO - jps.cmdline.JpsModelLoaderImpl - Loading model: project path = C:/Users/Vincent/IdeaProjects/Playground, global options path = C:/Users/Vincent/.IntelliJIdea2017.1/config/options
2017-07-15 12:25:40,309 [   2642]   INFO - jps.cmdline.JpsModelLoaderImpl - Model loaded in 830 ms
2017-07-15 12:25:40,309 [   2642]   INFO - jps.cmdline.JpsModelLoaderImpl - Project has 1 modules, 0 libraries
2017-07-15 12:25:40,421 [   2754]   INFO - ellij.util.io.PagedFileStorage - lower=100; upper=500; buffer=10; max=602
2017-07-15 12:25:40,888 [   3221]   INFO - penapi.util.io.win32.IdeaWin32 - Native filesystem for Windows is operational
2017-07-15 12:25:42,488 [      0]   INFO - etbrains.jps.cmdline.BuildMain - Build process started. Classpath: C:/Program Files/JetBrains/IntelliJ IDEA 2017.1.5/lib/jps-launcher.jar;C:/Program Files/Java/jdk1.8.0_131/lib/tools.jar;C:/Program Files/JetBrains/IntelliJ IDEA 2017.1.5/lib/optimizedFileManager.jar
2017-07-15 12:25:43,989 [   1501]   INFO - etbrains.jps.cmdline.BuildMain - Connection to IDE established in 1336 ms
2017-07-15 12:25:43,995 [   1507]   INFO - penapi.util.io.win32.IdeaWin32 - Native filesystem for Windows is operational
2017-07-15 12:25:44,006 [   1518]   INFO - jps.cmdline.JpsModelLoaderImpl - Loading model: project path = C:/Users/Vincent/IdeaProjects/Playground, global options path = C:/Users/Vincent/.IntelliJIdea2017.1/config/options
2017-07-15 12:25:44,375 [   1887]   INFO - jps.cmdline.JpsModelLoaderImpl - Model loaded in 369 ms
2017-07-15 12:25:44,375 [   1887]   INFO - jps.cmdline.JpsModelLoaderImpl - Project has 1 modules, 0 libraries
2017-07-15 12:25:44,450 [   1962]   INFO - ellij.util.io.PagedFileStorage - lower=100; upper=500; buffer=10; max=602
2017-07-15 12:25:44,847 [   2359]   INFO - etbrains.jps.cmdline.BuildMain - Pre-loaded process ready in 2360 ms
2017-07-15 12:28:48,265 [ 185777]   INFO - etbrains.jps.cmdline.BuildMain - Build canceled, but no build session is running. Exiting.
2017-07-15 13:30:17,471 [      0]   INFO - etbrains.jps.cmdline.BuildMain - Build process started. Classpath: C:/Program Files/JetBrains/IntelliJ IDEA 2017.1.5/lib/jps-launcher.jar;C:/Program Files/Java/jdk1.8.0_131/lib/tools.jar;C:/Program Files/JetBrains/IntelliJ IDEA 2017.1.5/lib/optimizedFileManager.jar
2017-07-15 13:30:17,980 [    509]   INFO - etbrains.jps.cmdline.BuildMain - Connection to IDE established in 465 ms
2017-07-15 13:30:18,671 [   1200]   INFO - jps.cmdline.JpsModelLoaderImpl - Loading model: project path = C:/Users/Vincent/IdeaProjects/Playground, global options path = C:/Users/Vincent/.IntelliJIdea2017.1/config/options
2017-07-15 13:30:20,161 [   2690]   INFO - jps.cmdline.JpsModelLoaderImpl - Model loaded in 1490 ms
2017-07-15 13:30:20,161 [   2690]   INFO - jps.cmdline.JpsModelLoaderImpl - Project has 1 modules, 0 libraries
2017-07-15 13:30:20,344 [   2873]   INFO - ellij.util.io.PagedFileStorage - lower=100; upper=500; buffer=10; max=602
2017-07-15 13:30:20,700 [   3229]   INFO - penapi.util.io.win32.IdeaWin32 - Native filesystem for Windows is operational
2017-07-15 13:30:22,146 [      0]   INFO - etbrains.jps.cmdline.BuildMain - Build process started. Classpath: C:/Program Files/JetBrains/IntelliJ IDEA 2017.1.5/lib/jps-launcher.jar;C:/Program Files/Java/jdk1.8.0_131/lib/tools.jar;C:/Program Files/JetBrains/IntelliJ IDEA 2017.1.5/lib/optimizedFileManager.jar
2017-07-15 13:30:23,672 [   1526]   INFO - etbrains.jps.cmdline.BuildMain - Connection to IDE established in 1461 ms
2017-07-15 13:30:23,794 [   1648]   INFO - penapi.util.io.win32.IdeaWin32 - Native filesystem for Windows is operational
2017-07-15 13:30:23,934 [   1788]   INFO - jps.cmdline.JpsModelLoaderImpl - Loading model: project path = C:/Users/Vincent/IdeaProjects/Playground, global options path = C:/Users/Vincent/.IntelliJIdea2017.1/config/options
2017-07-15 13:30:24,786 [   2640]   INFO - jps.cmdline.JpsModelLoaderImpl - Model loaded in 852 ms
2017-07-15 13:30:24,786 [   2640]   INFO - jps.cmdline.JpsModelLoaderImpl - Project has 1 modules, 0 libraries
2017-07-15 13:30:25,001 [   2855]   INFO - ellij.util.io.PagedFileStorage - lower=100; upper=500; buffer=10; max=602
2017-07-15 13:30:25,209 [   3063]   INFO - etbrains.jps.cmdline.BuildMain - Pre-loaded process ready in 3064 ms
2017-07-15 13:30:25,383 [   3237]   INFO - etbrains.jps.cmdline.BuildMain - Build canceled, but no build session is running. Exiting.
2017-07-15 13:31:26,232 [      0]   INFO - etbrains.jps.cmdline.BuildMain - Build process started. Classpath: C:/Program Files/JetBrains/IntelliJ IDEA 2017.1.5/lib/jps-launcher.jar;C:/Program Files/Java/jdk1.8.0_131/lib/tools.jar;C:/Program Files/JetBrains/IntelliJ IDEA 2017.1.5/lib/optimizedFileManager.jar
2017-07-15 13:31:27,282 [   1050]   INFO - etbrains.jps.cmdline.BuildMain - Connection to IDE established in 1004 ms
2017-07-15 13:31:28,131 [   1899]   INFO - jps.cmdline.JpsModelLoaderImpl - Loading model: project path = C:/Users/Vincent/IdeaProjects/Playground, global options path = C:/Users/Vincent/.IntelliJIdea2017.1/config/options
2017-07-15 13:31:28,652 [   2420]   INFO - jps.cmdline.JpsModelLoaderImpl - Model loaded in 522 ms
2017-07-15 13:31:28,652 [   2420]   INFO - jps.cmdline.JpsModelLoaderImpl - Project has 1 modules, 0 libraries
2017-07-15 13:31:28,826 [   2594]   INFO - ellij.util.io.PagedFileStorage - lower=100; upper=500; buffer=10; max=602
2017-07-15 13:31:29,261 [   3029]   INFO - penapi.util.io.win32.IdeaWin32 - Native filesystem for Windows is operational
2017-07-15 13:31:32,530 [      0]   INFO - etbrains.jps.cmdline.BuildMain - Build process started. Classpath: C:/Program Files/JetBrains/IntelliJ IDEA 2017.1.5/lib/jps-launcher.jar;C:/Program Files/Java/jdk1.8.0_131/lib/tools.jar;C:/Program Files/JetBrains/IntelliJ IDEA 2017.1.5/lib/optimizedFileManager.jar
2017-07-15 13:31:33,176 [    646]   INFO - etbrains.jps.cmdline.BuildMain - Connection to IDE established in 449 ms
2017-07-15 13:31:33,183 [    653]   INFO - penapi.util.io.win32.IdeaWin32 - Native filesystem for Windows is operational
2017-07-15 13:31:33,270 [    740]   INFO - jps.cmdline.JpsModelLoaderImpl - Loading model: project path = C:/Users/Vincent/IdeaProjects/Playground, global options path = C:/Users/Vincent/.IntelliJIdea2017.1/config/options
2017-07-15 13:31:33,961 [   1431]   INFO - jps.cmdline.JpsModelLoaderImpl - Model loaded in 691 ms
2017-07-15 13:31:33,962 [   1432]   INFO - jps.cmdline.JpsModelLoaderImpl - Project has 1 modules, 0 libraries
2017-07-15 13:31:34,040 [   1510]   INFO - ellij.util.io.PagedFileStorage - lower=100; upper=500; buffer=10; max=602
2017-07-15 13:31:34,297 [   1767]   INFO - etbrains.jps.cmdline.BuildMain - Pre-loaded process ready in 1769 ms
2017-07-15 13:31:34,358 [   1828]   INFO - etbrains.jps.cmdline.BuildMain - Build canceled, but no build session is running. Exiting.
2017-07-15 16:00:29,713 [      0]   INFO - etbrains.jps.cmdline.BuildMain - Build process started. Classpath: C:/Program Files/JetBrains/IntelliJ IDEA 2017.1.5/lib/jps-launcher.jar;C:/Program Files/Java/jdk1.8.0_131/lib/tools.jar;C:/Program Files/JetBrains/IntelliJ IDEA 2017.1.5/lib/optimizedFileManager.jar
2017-07-15 16:00:30,010 [    297]   INFO - etbrains.jps.cmdline.BuildMain - Connection to IDE established in 203 ms
2017-07-15 16:00:30,119 [    406]   INFO - jps.cmdline.JpsModelLoaderImpl - Loading model: project path = C:/Users/Vincent/IdeaProjects/Playground, global options path = C:/Users/Vincent/.IntelliJIdea2017.1/config/options
2017-07-15 16:00:30,322 [    609]   INFO - jps.cmdline.JpsModelLoaderImpl - Model loaded in 203 ms
2017-07-15 16:00:30,322 [    609]   INFO - jps.cmdline.JpsModelLoaderImpl - Project has 1 modules, 0 libraries
2017-07-15 16:00:30,385 [    672]   INFO - ellij.util.io.PagedFileStorage - lower=100; upper=500; buffer=10; max=602
2017-07-15 16:00:30,588 [    875]   INFO - penapi.util.io.win32.IdeaWin32 - Native filesystem for Windows is operational
2017-07-15 16:00:30,960 [      0]   INFO - etbrains.jps.cmdline.BuildMain - Build process started. Classpath: C:/Program Files/JetBrains/IntelliJ IDEA 2017.1.5/lib/jps-launcher.jar;C:/Program Files/Java/jdk1.8.0_131/lib/tools.jar;C:/Program Files/JetBrains/IntelliJ IDEA 2017.1.5/lib/optimizedFileManager.jar
2017-07-15 16:00:31,195 [    235]   INFO - etbrains.jps.cmdline.BuildMain - Connection to IDE established in 203 ms
2017-07-15 16:00:31,195 [    235]   INFO - penapi.util.io.win32.IdeaWin32 - Native filesystem for Windows is operational
2017-07-15 16:00:31,210 [    250]   INFO - jps.cmdline.JpsModelLoaderImpl - Loading model: project path = C:/Users/Vincent/IdeaProjects/Playground, global options path = C:/Users/Vincent/.IntelliJIdea2017.1/config/options
2017-07-15 16:00:31,413 [    453]   INFO - jps.cmdline.JpsModelLoaderImpl - Model loaded in 203 ms
2017-07-15 16:00:31,413 [    453]   INFO - jps.cmdline.JpsModelLoaderImpl - Project has 1 modules, 0 libraries
2017-07-15 16:00:31,476 [    516]   INFO - ellij.util.io.PagedFileStorage - lower=100; upper=500; buffer=10; max=602
2017-07-15 16:00:31,601 [    641]   INFO - etbrains.jps.cmdline.BuildMain - Pre-loaded process ready in 641 ms
2017-07-15 16:00:46,048 [  15088]   INFO - etbrains.jps.cmdline.BuildMain - Build canceled, but no build session is running. Exiting.
2017-07-15 16:33:07,363 [      0]   INFO - etbrains.jps.cmdline.BuildMain - Build process started. Classpath: C:/Program Files/JetBrains/IntelliJ IDEA 2017.1.5/lib/jps-launcher.jar;C:/Program Files/Java/jdk1.8.0_131/lib/tools.jar;C:/Program Files/JetBrains/IntelliJ IDEA 2017.1.5/lib/optimizedFileManager.jar
2017-07-15 16:33:07,896 [    533]   INFO - etbrains.jps.cmdline.BuildMain - Connection to IDE established in 316 ms
2017-07-15 16:33:08,146 [    783]   INFO - jps.cmdline.JpsModelLoaderImpl - Loading model: project path = C:/Users/Vincent/IdeaProjects/Playground, global options path = C:/Users/Vincent/.IntelliJIdea2017.1/config/options
2017-07-15 16:33:09,135 [   1772]   INFO - jps.cmdline.JpsModelLoaderImpl - Model loaded in 989 ms
2017-07-15 16:33:09,135 [   1772]   INFO - jps.cmdline.JpsModelLoaderImpl - Project has 1 modules, 0 libraries
2017-07-15 16:33:09,404 [   2041]   INFO - ellij.util.io.PagedFileStorage - lower=100; upper=500; buffer=10; max=602
2017-07-15 16:33:09,915 [   2552]   INFO - penapi.util.io.win32.IdeaWin32 - Native filesystem for Windows is operational
2017-07-15 16:33:27,009 [      0]   INFO - etbrains.jps.cmdline.BuildMain - Build process started. Classpath: C:/Program Files/JetBrains/IntelliJ IDEA 2017.1.5/lib/jps-launcher.jar;C:/Program Files/Java/jdk1.8.0_131/lib/tools.jar;C:/Program Files/JetBrains/IntelliJ IDEA 2017.1.5/lib/optimizedFileManager.jar
2017-07-15 16:33:28,295 [   1286]   INFO - etbrains.jps.cmdline.BuildMain - Connection to IDE established in 1239 ms
2017-07-15 16:33:28,436 [   1427]   INFO - jps.cmdline.JpsModelLoaderImpl - Loading model: project path = C:/Users/Vincent/IdeaProjects/Playground, global options path = C:/Users/Vincent/.IntelliJIdea2017.1/config/options
2017-07-15 16:33:29,214 [   2205]   INFO - jps.cmdline.JpsModelLoaderImpl - Model loaded in 778 ms
2017-07-15 16:33:29,214 [   2205]   INFO - jps.cmdline.JpsModelLoaderImpl - Project has 1 modules, 0 libraries
2017-07-15 16:33:29,373 [   2364]   INFO - ellij.util.io.PagedFileStorage - lower=100; upper=500; buffer=10; max=602
2017-07-15 16:33:29,775 [   2766]   INFO - penapi.util.io.win32.IdeaWin32 - Native filesystem for Windows is operational
2017-07-15 16:33:31,058 [      0]   INFO - etbrains.jps.cmdline.BuildMain - Build process started. Classpath: C:/Program Files/JetBrains/IntelliJ IDEA 2017.1.5/lib/jps-launcher.jar;C:/Program Files/Java/jdk1.8.0_131/lib/tools.jar;C:/Program Files/JetBrains/IntelliJ IDEA 2017.1.5/lib/optimizedFileManager.jar
2017-07-15 16:33:31,386 [    328]   INFO - etbrains.jps.cmdline.BuildMain - Connection to IDE established in 281 ms
2017-07-15 16:33:31,402 [    344]   INFO - penapi.util.io.win32.IdeaWin32 - Native filesystem for Windows is operational
2017-07-15 16:33:31,402 [    344]   INFO - jps.cmdline.JpsModelLoaderImpl - Loading model: project path = C:/Users/Vincent/IdeaProjects/Playground, global options path = C:/Users/Vincent/.IntelliJIdea2017.1/config/options
2017-07-15 23:07:03,261 [      0]   INFO - etbrains.jps.cmdline.BuildMain - Build process started. Classpath: C:/Program Files/JetBrains/IntelliJ IDEA 2017.1.5/lib/jps-launcher.jar;C:/Program Files/Java/jdk1.8.0_131/lib/tools.jar;C:/Program Files/JetBrains/IntelliJ IDEA 2017.1.5/lib/optimizedFileManager.jar
2017-07-15 23:07:03,636 [    375]   INFO - etbrains.jps.cmdline.BuildMain - Connection to IDE established in 328 ms
2017-07-15 23:07:03,761 [    500]   INFO - jps.cmdline.JpsModelLoaderImpl - Loading model: project path = C:/Users/Vincent/IdeaProjects/Playground, global options path = C:/Users/Vincent/.IntelliJIdea2017.1/config/options
2017-07-15 23:07:04,159 [    898]   INFO - jps.cmdline.JpsModelLoaderImpl - Model loaded in 398 ms
2017-07-15 23:07:04,159 [    898]   INFO - jps.cmdline.JpsModelLoaderImpl - Project has 1 modules, 0 libraries
2017-07-15 23:07:04,260 [    999]   INFO - ellij.util.io.PagedFileStorage - lower=100; upper=500; buffer=10; max=602
2017-07-15 23:07:04,485 [   1224]   INFO - penapi.util.io.win32.IdeaWin32 - Native filesystem for Windows is operational
2017-07-15 23:07:05,100 [      0]   INFO - etbrains.jps.cmdline.BuildMain - Build process started. Classpath: C:/Program Files/JetBrains/IntelliJ IDEA 2017.1.5/lib/jps-launcher.jar;C:/Program Files/Java/jdk1.8.0_131/lib/tools.jar;C:/Program Files/JetBrains/IntelliJ IDEA 2017.1.5/lib/optimizedFileManager.jar
2017-07-15 23:07:05,569 [    469]   INFO - etbrains.jps.cmdline.BuildMain - Connection to IDE established in 422 ms
2017-07-15 23:07:05,585 [    485]   INFO - penapi.util.io.win32.IdeaWin32 - Native filesystem for Windows is operational
2017-07-15 23:07:05,600 [    500]   INFO - jps.cmdline.JpsModelLoaderImpl - Loading model: project path = C:/Users/Vincent/IdeaProjects/Playground, global options path = C:/Users/Vincent/.IntelliJIdea2017.1/config/options
2017-07-15 23:07:05,985 [    885]   INFO - jps.cmdline.JpsModelLoaderImpl - Model loaded in 385 ms
2017-07-15 23:07:05,985 [    885]   INFO - jps.cmdline.JpsModelLoaderImpl - Project has 1 modules, 0 libraries
2017-07-15 23:07:06,094 [    994]   INFO - ellij.util.io.PagedFileStorage - lower=100; upper=500; buffer=10; max=602
2017-07-15 23:07:06,235 [   1135]   INFO - etbrains.jps.cmdline.BuildMain - Pre-loaded process ready in 1135 ms
2017-07-15 23:07:07,616 [   2516]   INFO - etbrains.jps.cmdline.BuildMain - Build canceled, but no build session is running. Exiting.
2017-07-15 23:07:26,153 [      0]   INFO - etbrains.jps.cmdline.BuildMain - Build process started. Classpath: C:/Program Files/JetBrains/IntelliJ IDEA 2017.1.5/lib/jps-launcher.jar;C:/Program Files/Java/jdk1.8.0_131/lib/tools.jar;C:/Program Files/JetBrains/IntelliJ IDEA 2017.1.5/lib/optimizedFileManager.jar
2017-07-15 23:07:26,966 [    813]   INFO - etbrains.jps.cmdline.BuildMain - Connection to IDE established in 625 ms
2017-07-15 23:07:27,232 [   1079]   INFO - jps.cmdline.JpsModelLoaderImpl - Loading model: project path = C:/Users/Vincent/IdeaProjects/Playground, global options path = C:/Users/Vincent/.IntelliJIdea2017.1/config/options
2017-07-15 23:07:28,000 [   1847]   INFO - jps.cmdline.JpsModelLoaderImpl - Model loaded in 768 ms
2017-07-15 23:07:28,000 [   1847]   INFO - jps.cmdline.JpsModelLoaderImpl - Project has 1 modules, 0 libraries
2017-07-15 23:07:28,131 [   1978]   INFO - ellij.util.io.PagedFileStorage - lower=100; upper=500; buffer=10; max=602
2017-07-15 23:07:28,478 [   2325]   INFO - penapi.util.io.win32.IdeaWin32 - Native filesystem for Windows is operational
2017-07-15 23:07:32,198 [      0]   INFO - etbrains.jps.cmdline.BuildMain - Build process started. Classpath: C:/Program Files/JetBrains/IntelliJ IDEA 2017.1.5/lib/jps-launcher.jar;C:/Program Files/Java/jdk1.8.0_131/lib/tools.jar;C:/Program Files/JetBrains/IntelliJ IDEA 2017.1.5/lib/optimizedFileManager.jar
2017-07-15 23:07:32,479 [    281]   INFO - etbrains.jps.cmdline.BuildMain - Connection to IDE established in 235 ms
2017-07-15 23:07:32,479 [    281]   INFO - penapi.util.io.win32.IdeaWin32 - Native filesystem for Windows is operational
2017-07-15 23:07:32,495 [    297]   INFO - jps.cmdline.JpsModelLoaderImpl - Loading model: project path = C:/Users/Vincent/IdeaProjects/Playground, global options path = C:/Users/Vincent/.IntelliJIdea2017.1/config/options
2017-07-15 23:07:32,745 [    547]   INFO - jps.cmdline.JpsModelLoaderImpl - Model loaded in 250 ms
2017-07-15 23:07:32,745 [    547]   INFO - jps.cmdline.JpsModelLoaderImpl - Project has 1 modules, 0 libraries
2017-07-15 23:07:32,838 [    640]   INFO - ellij.util.io.PagedFileStorage - lower=100; upper=500; buffer=10; max=602
2017-07-15 23:07:32,932 [    734]   INFO - etbrains.jps.cmdline.BuildMain - Pre-loaded process ready in 766 ms
2017-07-15 23:07:42,447 [  10249]   INFO - etbrains.jps.cmdline.BuildMain - Build canceled, but no build session is running. Exiting.
2017-07-16 22:45:18,751 [      0]   INFO - etbrains.jps.cmdline.BuildMain - Build process started. Classpath: C:/Program Files/JetBrains/IntelliJ IDEA 2017.1.5/lib/jps-launcher.jar;C:/Program Files/Java/jdk1.8.0_131/lib/tools.jar;C:/Program Files/JetBrains/IntelliJ IDEA 2017.1.5/lib/optimizedFileManager.jar
2017-07-16 22:45:19,287 [    536]   INFO - etbrains.jps.cmdline.BuildMain - Connection to IDE established in 484 ms
2017-07-16 22:45:19,437 [    686]   INFO - jps.cmdline.JpsModelLoaderImpl - Loading model: project path = C:/Users/Vincent/IdeaProjects/Playground, global options path = C:/Users/Vincent/.IntelliJIdea2017.1/config/options
2017-07-16 22:45:20,245 [   1494]   INFO - jps.cmdline.JpsModelLoaderImpl - Model loaded in 808 ms
2017-07-16 22:45:20,245 [   1494]   INFO - jps.cmdline.JpsModelLoaderImpl - Project has 1 modules, 0 libraries
2017-07-16 22:45:20,881 [   2130]   INFO - ellij.util.io.PagedFileStorage - lower=100; upper=500; buffer=10; max=602
2017-07-16 22:45:21,136 [   2385]   INFO - penapi.util.io.win32.IdeaWin32 - Native filesystem for Windows is operational
2017-07-16 22:45:26,222 [      0]   INFO - etbrains.jps.cmdline.BuildMain - Build process started. Classpath: C:/Program Files/JetBrains/IntelliJ IDEA 2017.1.5/lib/jps-launcher.jar;C:/Program Files/Java/jdk1.8.0_131/lib/tools.jar;C:/Program Files/JetBrains/IntelliJ IDEA 2017.1.5/lib/optimizedFileManager.jar
2017-07-16 22:45:26,682 [    460]   INFO - etbrains.jps.cmdline.BuildMain - Connection to IDE established in 398 ms
2017-07-16 22:45:26,688 [    466]   INFO - penapi.util.io.win32.IdeaWin32 - Native filesystem for Windows is operational
2017-07-16 22:45:26,701 [    479]   INFO - jps.cmdline.JpsModelLoaderImpl - Loading model: project path = C:/Users/Vincent/IdeaProjects/Playground, global options path = C:/Users/Vincent/.IntelliJIdea2017.1/config/options
2017-07-16 22:45:27,040 [    818]   INFO - jps.cmdline.JpsModelLoaderImpl - Model loaded in 339 ms
2017-07-16 22:45:27,040 [    818]   INFO - jps.cmdline.JpsModelLoaderImpl - Project has 1 modules, 0 libraries
2017-07-16 22:45:27,181 [    959]   INFO - ellij.util.io.PagedFileStorage - lower=100; upper=500; buffer=10; max=602
2017-07-16 22:45:27,405 [   1183]   INFO - etbrains.jps.cmdline.BuildMain - Pre-loaded process ready in 1183 ms
2017-07-16 22:45:29,306 [   3084]   INFO - etbrains.jps.cmdline.BuildMain - Build canceled, but no build session is running. Exiting.
